C51 COMPILER V9.01   CAU1_1                                                                06/27/2021 10:05:53 PAGE 1   


C51 COMPILER V9.01, COMPILATION OF MODULE CAU1_1
OBJECT MODULE PLACED IN cau1.1.OBJ
COMPILER INVOKED BY: C:\Keil\C51\BIN\C51.EXE cau1.1.c BROWSE DEBUG OBJECTEXTEND

line level    source

   1          #include <REGX51.H>
   2          void delay(int n)
   3          {
   4   1         int i;
   5   1         for(i=0;i<=n;i++);
   6   1      }
   7          void hienthi(int chuc,donvi)
   8          {
   9   1         P3_1 = 1;
  10   1         P2 = chuc;
  11   1         P3_1 = 0;
  12   1         P3_0 = 1;
  13   1         P2 = donvi;
  14   1         P3_0 = 0;
  15   1      }
  16          void main()
  17          {
  18   1         while(1)
  19   1         {
  20   2                hienthi(0,0);
  21   2         }
  22   1      }


MODULE INFORMATION:   STATIC OVERLAYABLE
   CODE SIZE        =     47    ----
   CONSTANT SIZE    =   ----    ----
   XDATA SIZE       =   ----    ----
   PDATA SIZE       =   ----    ----
   DATA SIZE        =   ----    ----
   IDATA SIZE       =   ----    ----
   BIT SIZE         =   ----    ----
END OF MODULE INFORMATION.


C51 COMPILATION COMPLETE.  0 WARNING(S),  0 ERROR(S)
