;  LST file generated by mikroListExporter - v.2.0 
; Date/Time: 27/06/2021 10:20:22 SA
;----------------------------------------------

;Address Opcode 	ASM
0x0000	0x02022D  	LJMP 557
0x0003	0x020000  	LJMP 0
0x0006	0x00      	NOP
0x0007	0x00      	NOP
0x0008	0x00      	NOP
0x0009	0x00      	NOP
0x000A	0x00      	NOP
0x000B	0x020000  	LJMP 0
0x000E	0x00      	NOP
0x000F	0x00      	NOP
0x0010	0x00      	NOP
0x0011	0x00      	NOP
0x0012	0x00      	NOP
0x0013	0x020000  	LJMP 0
0x0016	0x00      	NOP
0x0017	0x00      	NOP
0x0018	0x00      	NOP
0x0019	0x00      	NOP
0x001A	0x00      	NOP
0x001B	0x020000  	LJMP 0
0x001E	0x00      	NOP
0x001F	0x00      	NOP
0x0020	0x00      	NOP
0x0021	0x00      	NOP
0x0022	0x00      	NOP
0x0023	0x020000  	LJMP 0
0x0026	0x00      	NOP
0x0027	0x00      	NOP
0x0028	0x00      	NOP
0x0029	0x00      	NOP
0x002A	0x00      	NOP
0x002B	0x020000  	LJMP 0
_Delay_1us:
;__Lib_Delays.c,63 :: 		void Delay_1us() {
;__Lib_Delays.c,64 :: 		Delay_us(1);
0x002E	0x00      	NOP
;__Lib_Delays.c,65 :: 		}
0x002F	0x22      	RET
; end of _Delay_1us
_Delay_5500us:
;__Lib_Delays.c,213 :: 		void Delay_5500us() {
;__Lib_Delays.c,214 :: 		Delay_us(5500);
0x0030	0x7E09    	MOV R6, 9
0x0032	0x7FE9    	MOV R7, 233
0x0034	0xDFFE    	DJNZ R7, PC-2
0x0036	0xDEFC    	DJNZ R6, PC-4
0x0038	0x00      	NOP
;__Lib_Delays.c,215 :: 		}
0x0039	0x22      	RET
; end of _Delay_5500us
_Delay_50us:
;__Lib_Delays.c,138 :: 		void Delay_50us() {
;__Lib_Delays.c,139 :: 		Delay_us(50);
0x003A	0x7F14    	MOV R7, 20
0x003C	0xDFFE    	DJNZ R7, PC-2
0x003E	0x00      	NOP
;__Lib_Delays.c,140 :: 		}
0x003F	0x22      	RET
; end of _Delay_50us
_Lcd_Cmd:
;__Lib_Lcd.c,13 :: 		
;__Lib_Lcd.c,14 :: 		
0x0040	0xE50E    	MOV A, FARG_Lcd_Cmd_out_char
0x0042	0x5480    	ANL A, #128
0x0044	0xF8      	MOV R0, A
0x0045	0x630080  	XRL R0, #128
0x0048	0xE8      	MOV A, R0
0x0049	0x6004    	JZ L__Lcd_Cmd24
0x004B	0x7800    	MOV R0, #0
0x004D	0x8002    	SJMP L__Lcd_Cmd25
L__Lcd_Cmd24:
0x004F	0x7801    	MOV R0, #1
L__Lcd_Cmd25:
0x0051	0xE8      	MOV A, R0
0x0052	0x13      	RRC A
0x0053	0x92B7    	MOV LCD_D7, C
;__Lib_Lcd.c,15 :: 		
0x0055	0xE50E    	MOV A, FARG_Lcd_Cmd_out_char
0x0057	0x5440    	ANL A, #64
0x0059	0xF8      	MOV R0, A
0x005A	0x630040  	XRL R0, #64
0x005D	0xE8      	MOV A, R0
0x005E	0x6004    	JZ L__Lcd_Cmd26
0x0060	0x7800    	MOV R0, #0
0x0062	0x8002    	SJMP L__Lcd_Cmd27
L__Lcd_Cmd26:
0x0064	0x7801    	MOV R0, #1
L__Lcd_Cmd27:
0x0066	0xE8      	MOV A, R0
0x0067	0x13      	RRC A
0x0068	0x92B6    	MOV LCD_D6, C
;__Lib_Lcd.c,16 :: 		
0x006A	0xE50E    	MOV A, FARG_Lcd_Cmd_out_char
0x006C	0x5420    	ANL A, #32
0x006E	0xF8      	MOV R0, A
0x006F	0x630020  	XRL R0, #32
0x0072	0xE8      	MOV A, R0
0x0073	0x6004    	JZ L__Lcd_Cmd28
0x0075	0x7800    	MOV R0, #0
0x0077	0x8002    	SJMP L__Lcd_Cmd29
L__Lcd_Cmd28:
0x0079	0x7801    	MOV R0, #1
L__Lcd_Cmd29:
0x007B	0xE8      	MOV A, R0
0x007C	0x13      	RRC A
0x007D	0x92B5    	MOV LCD_D5, C
;__Lib_Lcd.c,17 :: 		
0x007F	0xE50E    	MOV A, FARG_Lcd_Cmd_out_char
0x0081	0x5410    	ANL A, #16
0x0083	0xF8      	MOV R0, A
0x0084	0x630010  	XRL R0, #16
0x0087	0xE8      	MOV A, R0
0x0088	0x6004    	JZ L__Lcd_Cmd30
0x008A	0x7800    	MOV R0, #0
0x008C	0x8002    	SJMP L__Lcd_Cmd31
L__Lcd_Cmd30:
0x008E	0x7801    	MOV R0, #1
L__Lcd_Cmd31:
0x0090	0xE8      	MOV A, R0
0x0091	0x13      	RRC A
0x0092	0x92B4    	MOV LCD_D4, C
;__Lib_Lcd.c,19 :: 		
0x0094	0xE508    	MOV A, _cmd_status
0x0096	0x6004    	JZ L_Lcd_Cmd0
0x0098	0x7800    	MOV R0, #0
0x009A	0x8002    	SJMP L_Lcd_Cmd1
L_Lcd_Cmd0:
0x009C	0x7801    	MOV R0, #1
L_Lcd_Cmd1:
0x009E	0xE8      	MOV A, R0
0x009F	0x13      	RRC A
0x00A0	0x92A5    	MOV LCD_RS, C
;__Lib_Lcd.c,21 :: 		
0x00A2	0xD2A7    	SETB LCD_EN
;__Lib_Lcd.c,22 :: 		
0x00A4	0x112E    	ACALL _Delay_1us
;__Lib_Lcd.c,23 :: 		
0x00A6	0xC2A7    	CLR LCD_EN
;__Lib_Lcd.c,25 :: 		
0x00A8	0xE50E    	MOV A, FARG_Lcd_Cmd_out_char
0x00AA	0x5408    	ANL A, #8
0x00AC	0xF8      	MOV R0, A
0x00AD	0x630008  	XRL R0, #8
0x00B0	0xE8      	MOV A, R0
0x00B1	0x6004    	JZ L__Lcd_Cmd32
0x00B3	0x7800    	MOV R0, #0
0x00B5	0x8002    	SJMP L__Lcd_Cmd33
L__Lcd_Cmd32:
0x00B7	0x7801    	MOV R0, #1
L__Lcd_Cmd33:
0x00B9	0xE8      	MOV A, R0
0x00BA	0x13      	RRC A
0x00BB	0x92B7    	MOV LCD_D7, C
;__Lib_Lcd.c,26 :: 		
0x00BD	0xE50E    	MOV A, FARG_Lcd_Cmd_out_char
0x00BF	0x5404    	ANL A, #4
0x00C1	0xF8      	MOV R0, A
0x00C2	0x630004  	XRL R0, #4
0x00C5	0xE8      	MOV A, R0
0x00C6	0x6004    	JZ L__Lcd_Cmd34
0x00C8	0x7800    	MOV R0, #0
0x00CA	0x8002    	SJMP L__Lcd_Cmd35
L__Lcd_Cmd34:
0x00CC	0x7801    	MOV R0, #1
L__Lcd_Cmd35:
0x00CE	0xE8      	MOV A, R0
0x00CF	0x13      	RRC A
0x00D0	0x92B6    	MOV LCD_D6, C
;__Lib_Lcd.c,27 :: 		
0x00D2	0xE50E    	MOV A, FARG_Lcd_Cmd_out_char
0x00D4	0x5402    	ANL A, #2
0x00D6	0xF8      	MOV R0, A
0x00D7	0x630002  	XRL R0, #2
0x00DA	0xE8      	MOV A, R0
0x00DB	0x6004    	JZ L__Lcd_Cmd36
0x00DD	0x7800    	MOV R0, #0
0x00DF	0x8002    	SJMP L__Lcd_Cmd37
L__Lcd_Cmd36:
0x00E1	0x7801    	MOV R0, #1
L__Lcd_Cmd37:
0x00E3	0xE8      	MOV A, R0
0x00E4	0x13      	RRC A
0x00E5	0x92B5    	MOV LCD_D5, C
;__Lib_Lcd.c,28 :: 		
0x00E7	0xE50E    	MOV A, FARG_Lcd_Cmd_out_char
0x00E9	0x5401    	ANL A, #1
0x00EB	0xF8      	MOV R0, A
0x00EC	0x630001  	XRL R0, #1
0x00EF	0xE8      	MOV A, R0
0x00F0	0x6004    	JZ L__Lcd_Cmd38
0x00F2	0x7800    	MOV R0, #0
0x00F4	0x8002    	SJMP L__Lcd_Cmd39
L__Lcd_Cmd38:
0x00F6	0x7801    	MOV R0, #1
L__Lcd_Cmd39:
0x00F8	0xE8      	MOV A, R0
0x00F9	0x13      	RRC A
0x00FA	0x92B4    	MOV LCD_D4, C
;__Lib_Lcd.c,30 :: 		
0x00FC	0xE508    	MOV A, _cmd_status
0x00FE	0x6004    	JZ L_Lcd_Cmd2
0x0100	0x7800    	MOV R0, #0
0x0102	0x8002    	SJMP L_Lcd_Cmd3
L_Lcd_Cmd2:
0x0104	0x7801    	MOV R0, #1
L_Lcd_Cmd3:
0x0106	0xE8      	MOV A, R0
0x0107	0x13      	RRC A
0x0108	0x92A5    	MOV LCD_RS, C
;__Lib_Lcd.c,32 :: 		
0x010A	0xD2A7    	SETB LCD_EN
;__Lib_Lcd.c,33 :: 		
0x010C	0x112E    	ACALL _Delay_1us
;__Lib_Lcd.c,34 :: 		
0x010E	0xC2A7    	CLR LCD_EN
;__Lib_Lcd.c,36 :: 		
0x0110	0xE508    	MOV A, _cmd_status
0x0112	0x6004    	JZ L_Lcd_Cmd4
;__Lib_Lcd.c,37 :: 		
0x0114	0x1130    	ACALL _Delay_5500us
0x0116	0x8002    	SJMP L_Lcd_Cmd5
L_Lcd_Cmd4:
;__Lib_Lcd.c,39 :: 		
0x0118	0x113A    	ACALL _Delay_50us
L_Lcd_Cmd5:
;__Lib_Lcd.c,40 :: 		
0x011A	0x22      	RET
; end of _Lcd_Cmd
_Lcd_Chr_CP:
;__Lib_Lcd.c,42 :: 		
;__Lib_Lcd.c,44 :: 		
0x011B	0x750800  	MOV _cmd_status, #0
;__Lib_Lcd.c,45 :: 		
0x011E	0x850D0E  	MOV FARG_Lcd_Cmd_out_char, FARG_Lcd_Chr_CP_out_char+0
0x0121	0x1140    	ACALL _Lcd_Cmd
;__Lib_Lcd.c,46 :: 		
0x0123	0x750801  	MOV _cmd_status, #1
;__Lib_Lcd.c,47 :: 		
0x0126	0x22      	RET
; end of _Lcd_Chr_CP
___CC2D:
;__Lib_System.c,13 :: 		
;__Lib_System.c,15 :: 		
_CC2D_Loop1:
;__Lib_System.c,16 :: 		
0x0127	0xE4      	CLR A
;__Lib_System.c,17 :: 		
0x0128	0x93      	MOVC A, @A+DPTR
;__Lib_System.c,18 :: 		
0x0129	0xF6      	MOV @R0, A
;__Lib_System.c,19 :: 		
0x012A	0x08      	INC R0
;__Lib_System.c,20 :: 		
0x012B	0xA3      	INC DPTR
;__Lib_System.c,21 :: 		
0x012C	0xD9F9    	DJNZ R1, _CC2D_Loop1
;__Lib_System.c,23 :: 		
0x012E	0x22      	RET
; end of ___CC2D
_Lcd_Init:
;__Lib_Lcd.c,76 :: 		
;__Lib_Lcd.c,78 :: 		
0x012F	0xC2A7    	CLR LCD_EN
;__Lib_Lcd.c,80 :: 		
0x0131	0xC2A5    	CLR LCD_RS
;__Lib_Lcd.c,83 :: 		
0x0133	0x1130    	ACALL _Delay_5500us
;__Lib_Lcd.c,84 :: 		
0x0135	0x1130    	ACALL _Delay_5500us
;__Lib_Lcd.c,85 :: 		
0x0137	0x1130    	ACALL _Delay_5500us
;__Lib_Lcd.c,87 :: 		
0x0139	0xC2B7    	CLR LCD_D7
;__Lib_Lcd.c,88 :: 		
0x013B	0xC2B6    	CLR LCD_D6
;__Lib_Lcd.c,89 :: 		
0x013D	0xC2B5    	CLR LCD_D5
;__Lib_Lcd.c,90 :: 		
0x013F	0xC2B4    	CLR LCD_D4
;__Lib_Lcd.c,93 :: 		
0x0141	0xD2B5    	SETB LCD_D5
;__Lib_Lcd.c,94 :: 		
0x0143	0xD2B4    	SETB LCD_D4
;__Lib_Lcd.c,95 :: 		
0x0145	0xD2A7    	SETB LCD_EN
;__Lib_Lcd.c,96 :: 		
0x0147	0x112E    	ACALL _Delay_1us
;__Lib_Lcd.c,97 :: 		
0x0149	0xC2A7    	CLR LCD_EN
;__Lib_Lcd.c,98 :: 		
0x014B	0x1130    	ACALL _Delay_5500us
;__Lib_Lcd.c,100 :: 		
0x014D	0xD2A7    	SETB LCD_EN
;__Lib_Lcd.c,101 :: 		
0x014F	0x112E    	ACALL _Delay_1us
;__Lib_Lcd.c,102 :: 		
0x0151	0xC2A7    	CLR LCD_EN
;__Lib_Lcd.c,103 :: 		
0x0153	0x1130    	ACALL _Delay_5500us
;__Lib_Lcd.c,105 :: 		
0x0155	0xD2A7    	SETB LCD_EN
;__Lib_Lcd.c,106 :: 		
0x0157	0x112E    	ACALL _Delay_1us
;__Lib_Lcd.c,107 :: 		
0x0159	0xC2A7    	CLR LCD_EN
;__Lib_Lcd.c,108 :: 		
0x015B	0x1130    	ACALL _Delay_5500us
;__Lib_Lcd.c,111 :: 		
0x015D	0xD2B5    	SETB LCD_D5
;__Lib_Lcd.c,112 :: 		
0x015F	0xC2B4    	CLR LCD_D4
;__Lib_Lcd.c,113 :: 		
0x0161	0xD2A7    	SETB LCD_EN
;__Lib_Lcd.c,114 :: 		
0x0163	0x112E    	ACALL _Delay_1us
;__Lib_Lcd.c,115 :: 		
0x0165	0xC2A7    	CLR LCD_EN
;__Lib_Lcd.c,116 :: 		
0x0167	0x1130    	ACALL _Delay_5500us
;__Lib_Lcd.c,119 :: 		
0x0169	0xC2B7    	CLR LCD_D7
;__Lib_Lcd.c,120 :: 		
0x016B	0xC2B6    	CLR LCD_D6
;__Lib_Lcd.c,121 :: 		
0x016D	0xC2B5    	CLR LCD_D5
;__Lib_Lcd.c,122 :: 		
0x016F	0xD2B5    	SETB LCD_D5
;__Lib_Lcd.c,123 :: 		
0x0171	0xC2B4    	CLR LCD_D4
;__Lib_Lcd.c,124 :: 		
0x0173	0xD2A7    	SETB LCD_EN
;__Lib_Lcd.c,125 :: 		
0x0175	0x112E    	ACALL _Delay_1us
;__Lib_Lcd.c,126 :: 		
0x0177	0xC2A7    	CLR LCD_EN
;__Lib_Lcd.c,127 :: 		
0x0179	0xC2B5    	CLR LCD_D5
;__Lib_Lcd.c,128 :: 		
0x017B	0xD2B7    	SETB LCD_D7
;__Lib_Lcd.c,129 :: 		
0x017D	0xD2A7    	SETB LCD_EN
;__Lib_Lcd.c,130 :: 		
0x017F	0x112E    	ACALL _Delay_1us
;__Lib_Lcd.c,131 :: 		
0x0181	0xC2A7    	CLR LCD_EN
;__Lib_Lcd.c,132 :: 		
0x0183	0x1130    	ACALL _Delay_5500us
;__Lib_Lcd.c,135 :: 		
0x0185	0xC2B7    	CLR LCD_D7
;__Lib_Lcd.c,136 :: 		
0x0187	0xD2B4    	SETB LCD_D4
;__Lib_Lcd.c,137 :: 		
0x0189	0xD2A7    	SETB LCD_EN
;__Lib_Lcd.c,138 :: 		
0x018B	0x112E    	ACALL _Delay_1us
;__Lib_Lcd.c,139 :: 		
0x018D	0xC2A7    	CLR LCD_EN
;__Lib_Lcd.c,140 :: 		
0x018F	0xC2B4    	CLR LCD_D4
;__Lib_Lcd.c,141 :: 		
0x0191	0xD2A7    	SETB LCD_EN
;__Lib_Lcd.c,142 :: 		
0x0193	0x112E    	ACALL _Delay_1us
;__Lib_Lcd.c,143 :: 		
0x0195	0xC2A7    	CLR LCD_EN
;__Lib_Lcd.c,144 :: 		
0x0197	0x1130    	ACALL _Delay_5500us
;__Lib_Lcd.c,147 :: 		
0x0199	0xC2B4    	CLR LCD_D4
;__Lib_Lcd.c,148 :: 		
0x019B	0xD2A7    	SETB LCD_EN
;__Lib_Lcd.c,149 :: 		
0x019D	0x112E    	ACALL _Delay_1us
;__Lib_Lcd.c,150 :: 		
0x019F	0xC2A7    	CLR LCD_EN
;__Lib_Lcd.c,151 :: 		
0x01A1	0xD2B4    	SETB LCD_D4
;__Lib_Lcd.c,152 :: 		
0x01A3	0xD2A7    	SETB LCD_EN
;__Lib_Lcd.c,153 :: 		
0x01A5	0x112E    	ACALL _Delay_1us
;__Lib_Lcd.c,154 :: 		
0x01A7	0xC2A7    	CLR LCD_EN
;__Lib_Lcd.c,155 :: 		
0x01A9	0x1130    	ACALL _Delay_5500us
;__Lib_Lcd.c,158 :: 		
0x01AB	0xC2B4    	CLR LCD_D4
;__Lib_Lcd.c,159 :: 		
0x01AD	0xD2A7    	SETB LCD_EN
;__Lib_Lcd.c,160 :: 		
0x01AF	0x112E    	ACALL _Delay_1us
;__Lib_Lcd.c,161 :: 		
0x01B1	0xC2A7    	CLR LCD_EN
;__Lib_Lcd.c,163 :: 		
0x01B3	0xD2B7    	SETB LCD_D7
;__Lib_Lcd.c,164 :: 		
0x01B5	0xD2B6    	SETB LCD_D6
;__Lib_Lcd.c,165 :: 		
0x01B7	0xD2B5    	SETB LCD_D5
;__Lib_Lcd.c,166 :: 		
0x01B9	0xD2B4    	SETB LCD_D4
;__Lib_Lcd.c,167 :: 		
0x01BB	0xD2A7    	SETB LCD_EN
;__Lib_Lcd.c,168 :: 		
0x01BD	0x112E    	ACALL _Delay_1us
;__Lib_Lcd.c,169 :: 		
0x01BF	0xC2A7    	CLR LCD_EN
;__Lib_Lcd.c,171 :: 		
0x01C1	0x1130    	ACALL _Delay_5500us
;__Lib_Lcd.c,173 :: 		
0x01C3	0x750801  	MOV _cmd_status, #1
;__Lib_Lcd.c,174 :: 		
0x01C6	0x22      	RET
; end of _Lcd_Init
_LCD_Out:
;__Lib_Lcd.c,176 :: 		
;__Lib_Lcd.c,179 :: 		
0x01C7	0x8019    	SJMP L_LCD_Out15
;__Lib_Lcd.c,180 :: 		
L_LCD_Out17:
0x01C9	0x750980  	MOV FARG_LCD_Out_row, #128
0x01CC	0x802E    	SJMP L_LCD_Out16
;__Lib_Lcd.c,181 :: 		
L_LCD_Out18:
0x01CE	0x7509C0  	MOV FARG_LCD_Out_row, #192
0x01D1	0x8029    	SJMP L_LCD_Out16
;__Lib_Lcd.c,182 :: 		
L_LCD_Out19:
0x01D3	0x750994  	MOV FARG_LCD_Out_row, #148
0x01D6	0x8024    	SJMP L_LCD_Out16
;__Lib_Lcd.c,183 :: 		
L_LCD_Out20:
0x01D8	0x7509D4  	MOV FARG_LCD_Out_row, #212
0x01DB	0x801F    	SJMP L_LCD_Out16
;__Lib_Lcd.c,184 :: 		
L_LCD_Out21:
0x01DD	0x750980  	MOV FARG_LCD_Out_row, #128
;__Lib_Lcd.c,185 :: 		
0x01E0	0x801A    	SJMP L_LCD_Out16
L_LCD_Out15:
0x01E2	0xE509    	MOV A, FARG_LCD_Out_row
0x01E4	0x6401    	XRL A, #1
0x01E6	0x60E1    	JZ L_LCD_Out17
0x01E8	0xE509    	MOV A, FARG_LCD_Out_row
0x01EA	0x6402    	XRL A, #2
0x01EC	0x60E0    	JZ L_LCD_Out18
0x01EE	0xE509    	MOV A, FARG_LCD_Out_row
0x01F0	0x6403    	XRL A, #3
0x01F2	0x60DF    	JZ L_LCD_Out19
0x01F4	0xE509    	MOV A, FARG_LCD_Out_row
0x01F6	0x6404    	XRL A, #4
0x01F8	0x60DE    	JZ L_LCD_Out20
0x01FA	0x80E1    	SJMP L_LCD_Out21
L_LCD_Out16:
;__Lib_Lcd.c,186 :: 		
0x01FC	0xC3      	CLR C
0x01FD	0xE50A    	MOV A, FARG_LCD_Out_column
0x01FF	0x9401    	SUBB A, #1
0x0201	0xF8      	MOV R0, A
0x0202	0xE509    	MOV A, FARG_LCD_Out_row
0x0204	0x28      	ADD A, R0
0x0205	0xF8      	MOV R0, A
0x0206	0x850009  	MOV FARG_LCD_Out_row, 0
;__Lib_Lcd.c,188 :: 		
0x0209	0x85000E  	MOV FARG_Lcd_Cmd_out_char, 0
0x020C	0x1140    	ACALL _Lcd_Cmd
;__Lib_Lcd.c,189 :: 		
0x020E	0x750800  	MOV _cmd_status, #0
;__Lib_Lcd.c,190 :: 		
0x0211	0x750C00  	MOV LCD_Out_i_L0, #0
;__Lib_Lcd.c,191 :: 		
L_LCD_Out22:
0x0214	0xE50B    	MOV A, FARG_LCD_Out_text
0x0216	0x250C    	ADD A, LCD_Out_i_L0
0x0218	0xF8      	MOV R0, A
0x0219	0xE6      	MOV A, @R0
0x021A	0x600D    	JZ L_LCD_Out23
;__Lib_Lcd.c,192 :: 		
0x021C	0xE50B    	MOV A, FARG_LCD_Out_text
0x021E	0x250C    	ADD A, LCD_Out_i_L0
0x0220	0xF8      	MOV R0, A
0x0221	0x860D    	MOV FARG_Lcd_Chr_CP_out_char, @R0
0x0223	0x311B    	ACALL _Lcd_Chr_CP
0x0225	0x050C    	INC LCD_Out_i_L0
0x0227	0x80EB    	SJMP L_LCD_Out22
L_LCD_Out23:
;__Lib_Lcd.c,193 :: 		
0x0229	0x750801  	MOV _cmd_status, #1
;__Lib_Lcd.c,194 :: 		
0x022C	0x22      	RET
; end of _LCD_Out
_main:
0x022D	0x758180  	MOV SP, #128
0x0230	0x120277  	LCALL 631
;cau3.c,8 :: 		void main()
;cau3.c,10 :: 		LCD_RW = 0;
0x0233	0xC2A6    	CLR P2_6_bit
;cau3.c,11 :: 		Lcd_Init();
0x0235	0x312F    	ACALL _Lcd_Init
;cau3.c,12 :: 		Lcd_Cmd(_LCD_CLEAR);
0x0237	0x750E01  	MOV FARG_Lcd_Cmd_out_char, #1
0x023A	0x1140    	ACALL _Lcd_Cmd
;cau3.c,13 :: 		Lcd_Cmd(_LCD_CURSOR_OFF);
0x023C	0x750E0C  	MOV FARG_Lcd_Cmd_out_char, #12
0x023F	0x1140    	ACALL _Lcd_Cmd
;cau3.c,14 :: 		Lcd_Out(1,1,"LEKHACQUAN");
0x0241	0x750901  	MOV FARG_LCD_Out_row, #1
0x0244	0x750A01  	MOV FARG_LCD_Out_column, #1
0x0247	0x750B30  	MOV FARG_LCD_Out_text, lo_addr(?lstr1_cau3)
0x024A	0x31C7    	ACALL _LCD_Out
;cau3.c,15 :: 		Lcd_Out(2,1,"1755252021600046");
0x024C	0x750902  	MOV FARG_LCD_Out_row, #2
0x024F	0x750A01  	MOV FARG_LCD_Out_column, #1
0x0252	0x750B3B  	MOV FARG_LCD_Out_text, lo_addr(?lstr2_cau3)
0x0255	0x31C7    	ACALL _LCD_Out
;cau3.c,16 :: 		while(1)
L_main0:
;cau3.c,18 :: 		}
0x0257	0x80FE    	SJMP L_main0
;cau3.c,19 :: 		}
0x0259	0x80FE    	SJMP #254
; end of _main
0x0277	0x7830    	MOV R0, 48
0x0279	0x791C    	MOV R1, 28
0x027B	0x75825B  	MOV DP0L, 91
0x027E	0x758302  	MOV DP0H, 2
0x0281	0x120127  	LCALL 295
0x0284	0x22      	RET
;cau3.c,0 :: ?ICS?lstr1_cau3
0x025B	0x4C454B ;?ICS?lstr1_cau3+0
0x025E	0x484143 ;?ICS?lstr1_cau3+3
0x0261	0x515541 ;?ICS?lstr1_cau3+6
0x0264	0x4E00 ;?ICS?lstr1_cau3+9
; end of ?ICS?lstr1_cau3
;cau3.c,0 :: ?ICS?lstr2_cau3
0x0266	0x313735 ;?ICS?lstr2_cau3+0
0x0269	0x353235 ;?ICS?lstr2_cau3+3
0x026C	0x323032 ;?ICS?lstr2_cau3+6
0x026F	0x313630 ;?ICS?lstr2_cau3+9
0x0272	0x303034 ;?ICS?lstr2_cau3+12
0x0275	0x3600 ;?ICS?lstr2_cau3+15
; end of ?ICS?lstr2_cau3
Symbol List:
//** Routines locations **
//ADDRESS    SIZE    PROCEDURE
//----------------------------------------------
0x002E       [2]    _Delay_1us
0x0030      [10]    _Delay_5500us
0x003A       [6]    _Delay_50us
0x0040     [219]    _Lcd_Cmd
0x011B      [12]    _Lcd_Chr_CP
0x0127       [8]    ___CC2D
0x012F     [152]    _Lcd_Init
0x01C7     [102]    _LCD_Out
0x022D      [46]    _main
//** Variables locations ** 
//ADDRESS    SIZE    VARIABLE
//----------------------------------------------
0x0000       [1]    R0
0x0001       [1]    R1
0x0002       [1]    R2
0x0003       [1]    R3
0x0004       [1]    R4
0x0005       [1]    R5
0x0006       [1]    R6
0x0007       [1]    R7
0x0008       [1]    _cmd_status
0x0009       [1]    FARG_LCD_Out_row
0x000A       [1]    FARG_LCD_Out_column
0x000B       [1]    FARG_LCD_Out_text
0x000C       [1]    LCD_Out_i_L0
0x000D       [1]    FARG_Lcd_Chr_CP_out_char
0x000E       [1]    FARG_Lcd_Cmd_out_char
0x0030      [11]    ?lstr1_cau3
0x003B      [17]    ?lstr2_cau3
0x0081       [1]    SP
0x0082       [1]    DPL
0x0083       [1]    DPH
0x00A0       [0]    P2_5_bit
0x00A0       [0]    P2_6_bit
0x00A0       [0]    LCD_EN
0x00A0       [0]    P2_7_bit
0x00A0       [0]    LCD_RS
0x00A0       [0]    LCD_RW
0x00B0       [0]    P3_5_bit
0x00B0       [0]    P3_6_bit
0x00B0       [0]    P3_4_bit
0x00B0       [0]    P3_7_bit
0x00B0       [0]    LCD_D4
0x00B0       [0]    LCD_D7
0x00B0       [0]    LCD_D6
0x00B0       [0]    LCD_D5
0x00D0       [1]    PSW
0x00E0       [1]    ACC
0x00F0       [1]    B
//** Constants locations ** 
//ADDRESS    SIZE    CONSTANT
//----------------------------------------------
0x025B      [11]    ?ICS?lstr1_cau3
0x0266      [17]    ?ICS?lstr2_cau3
//** Label List: ** 
//----------------------------------------------
  L_main0
  L_main1
  _main
  L_Delay_Cyc0
  L_Delay_Cyc1
  L_VDelay_ms2
  L_VDelay_ms3
  L_VDelay_ms4
  L_VDelay_ms5
  _Get_Fosc_kHz
  _Delay_1us
  _Delay_10us
  _Delay_22us
  _Delay_50us
  _Delay_80us
  _Delay_500us
  _Delay_5500us
  _Delay_8ms
  _Delay_10ms
  _Delay_100ms
  _Delay_1sec
  _Delay_Cyc
  _VDelay_ms
  L_Lcd_Cmd0
  L_Lcd_Cmd1
  L_Lcd_Cmd2
  L_Lcd_Cmd3
  L_Lcd_Cmd4
  L_Lcd_Cmd5
  L_LCD_Out_CP6
  L_LCD_Out_CP7
  L_Lcd_Chr8
  L_Lcd_Chr9
  L_Lcd_Chr10
  L_Lcd_Chr11
  L_Lcd_Chr12
  L_Lcd_Chr13
  L_Lcd_Chr14
  L_LCD_Out15
  L_LCD_Out16
  L_LCD_Out17
  L_LCD_Out18
  L_LCD_Out19
  L_LCD_Out20
  L_LCD_Out21
  L_LCD_Out22
  L_LCD_Out23
  _Lcd_Cmd
  L__Lcd_Cmd24
  L__Lcd_Cmd25
  L__Lcd_Cmd26
  L__Lcd_Cmd27
  L__Lcd_Cmd28
  L__Lcd_Cmd29
  L__Lcd_Cmd30
  L__Lcd_Cmd31
  L__Lcd_Cmd32
  L__Lcd_Cmd33
  L__Lcd_Cmd34
  L__Lcd_Cmd35
  L__Lcd_Cmd36
  L__Lcd_Cmd37
  L__Lcd_Cmd38
  L__Lcd_Cmd39
  _Lcd_Chr_CP
  _LCD_Out_CP
  _Lcd_Chr
  _Lcd_Init
  _LCD_Out
  _CC2D_Loop1
  _CC2PD_Loop1
  _CC2XD_Loop1
  ___DoIFC
  ___CC2D
  ___CC2PD
  ___CC2XD
